<?xml version="1.0" encoding="utf-8"?><testsuites name="pytest tests"><testsuite name="pytest" errors="0" failures="0" skipped="0" tests="10" time="0.848" timestamp="2026-04-19T04:44:56.728022+00:00" hostname="agent-env-fd0e30b7-5094-41b8-bdad-10e5c042ff32"><testcase classname="backend.tests.backend_test" name="test_root_health" time="0.194" /><testcase classname="backend.tests.backend_test" name="test_theater_info" time="0.051" /><testcase classname="backend.tests.backend_test" name="test_menu_returns_12_items_no_id_leak" time="0.049" /><testcase classname="backend.tests.backend_test" name="test_create_order" time="0.072" /><testcase classname="backend.tests.backend_test" name="test_create_order_empty_items_400" time="0.045" /><testcase classname="backend.tests.backend_test" name="test_list_orders_no_id_leak" time="0.049" /><testcase classname="backend.tests.backend_test" name="test_get_order_by_id" time="0.046" /><testcase classname="backend.tests.backend_test" name="test_get_order_unknown_404" time="0.046" /><testcase classname="backend.tests.backend_test" name="test_update_status_flow" time="0.138" /><testcase classname="backend.tests.backend_test" name="test_update_status_invalid_id_404" time="0.046" /></testsuite></testsuites>